<?xml version="1.0" encoding="UTF-8"?>
<!-- Generated by org.testng.reporters.JUnitXMLReporter -->
<testsuite ignored="0" hostname="Mostafa" failures="0" tests="3" name="Test2" time="13.044" errors="0" timestamp="2022-10-06T11:36:38 MDT">
  <testcase classname="testPage.CalculatorTest" name="getTitleMort" time="0.024"/>
  <testcase classname="testPage.CalculatorTest" name="MortgageCal_TC2" time="3.837"/>
  <testcase classname="testPage.CalculatorTest" name="CalManual" time="0.06"/>
</testsuite> <!-- Test2 -->
