<?xml version="1.0" encoding="UTF-8"?>
<!-- Generated by org.testng.reporters.JUnitXMLReporter -->
<testsuite ignored="1" hostname="Mostafa" failures="0" tests="1" name="Test2(failed)" time="9.409" errors="0" timestamp="2022-10-02T09:51:44 MDT">
  <testcase classname="testPage.CalculatorTest" name="getTitleMort" time="0.017"/>
  <testcase classname="testPage.CalculatorTest" name="MortgageCal_TC2" time="0.0">
    <ignored/>
  </testcase> <!-- MortgageCal_TC2 -->
</testsuite> <!-- Test2(failed) -->
